<?xml version="1.0" encoding="UTF-8"?>
<testsuite name="com.gastropolis.plazoleta.infrastructure.configuration.FeignConfigTest" tests="4" skipped="0" failures="0" errors="0" timestamp="2026-03-23T23:19:49" hostname="DESKTOP-6U4UTQC" time="0.358">
  <properties/>
  <testcase name="requestInterceptor_whenNoRequestContext_doesNotAddHeader()" classname="com.gastropolis.plazoleta.infrastructure.configuration.FeignConfigTest" time="0.307"/>
  <testcase name="requestInterceptor_whenRequestHasAuthorizationHeader_addsHeaderToTemplate()" classname="com.gastropolis.plazoleta.infrastructure.configuration.FeignConfigTest" time="0.042"/>
  <testcase name="requestInterceptor_whenRequestHasNoAuthorizationHeader_doesNotAddHeader()" classname="com.gastropolis.plazoleta.infrastructure.configuration.FeignConfigTest" time="0.004"/>
  <testcase name="requestInterceptor_returnsNonNullInterceptor()" classname="com.gastropolis.plazoleta.infrastructure.configuration.FeignConfigTest" time="0.002"/>
  <system-out><![CDATA[]]></system-out>
  <system-err><![CDATA[]]></system-err>
</testsuite>
