<?xml version="1.0" encoding="UTF-8"?>
<testsuite name="com.gastropolis.plazoleta.domain.model.CategoryModelTest" tests="4" skipped="0" failures="0" errors="0" timestamp="2026-03-23T23:19:46" hostname="DESKTOP-6U4UTQC" time="0.009">
  <properties/>
  <testcase name="noArgsConstructor_createsInstanceWithNullFields()" classname="com.gastropolis.plazoleta.domain.model.CategoryModelTest" time="0.003"/>
  <testcase name="getters_returnCorrectValues()" classname="com.gastropolis.plazoleta.domain.model.CategoryModelTest" time="0.001"/>
  <testcase name="setters_updateFieldsCorrectly()" classname="com.gastropolis.plazoleta.domain.model.CategoryModelTest" time="0.001"/>
  <testcase name="allArgsConstructor_setsAllFields()" classname="com.gastropolis.plazoleta.domain.model.CategoryModelTest" time="0.001"/>
  <system-out><![CDATA[]]></system-out>
  <system-err><![CDATA[]]></system-err>
</testsuite>
