<?xml version="1.0" encoding="UTF-8"?>
<testsuite name="com.gastropolis.plazoleta.infrastructure.documentation.OpenApiConfigTest" tests="1" skipped="0" failures="0" errors="0" timestamp="2026-03-23T23:19:50" hostname="DESKTOP-6U4UTQC" time="0.013">
  <properties/>
  <testcase name="customOpenAPI_returnsConfiguredOpenApiInstance()" classname="com.gastropolis.plazoleta.infrastructure.documentation.OpenApiConfigTest" time="0.013"/>
  <system-out><![CDATA[]]></system-out>
  <system-err><![CDATA[]]></system-err>
</testsuite>
