<?xml version="1.0" encoding="UTF-8"?>
<testsuite name="com.gastropolis.plazoleta.infrastructure.exceptionhandler.ExceptionResponseTest" tests="3" skipped="0" failures="0" errors="0" timestamp="2026-03-23T23:19:51" hostname="DESKTOP-6U4UTQC" time="0.01">
  <properties/>
  <testcase name="allArgsConstructor_setsMessage()" classname="com.gastropolis.plazoleta.infrastructure.exceptionhandler.ExceptionResponseTest" time="0.001"/>
  <testcase name="setMessage_updatesMessage()" classname="com.gastropolis.plazoleta.infrastructure.exceptionhandler.ExceptionResponseTest" time="0.003"/>
  <testcase name="noArgsConstructor_createsInstanceWithNullMessage()" classname="com.gastropolis.plazoleta.infrastructure.exceptionhandler.ExceptionResponseTest" time="0.002"/>
  <system-out><![CDATA[]]></system-out>
  <system-err><![CDATA[]]></system-err>
</testsuite>
