<?xml version="1.0" encoding="UTF-8"?>
<testsuite name="com.gastropolis.plazoleta.application.dto.request.OrderDishRequestDtoTest" tests="4" skipped="0" failures="0" errors="0" timestamp="2026-03-23T23:19:39" hostname="DESKTOP-6U4UTQC" time="0.052">
  <properties/>
  <testcase name="setQuantity_updatesValue()" classname="com.gastropolis.plazoleta.application.dto.request.OrderDishRequestDtoTest" time="0.028"/>
  <testcase name="setDishId_updatesValue()" classname="com.gastropolis.plazoleta.application.dto.request.OrderDishRequestDtoTest" time="0.005"/>
  <testcase name="settersAndGetters_workCorrectly()" classname="com.gastropolis.plazoleta.application.dto.request.OrderDishRequestDtoTest" time="0.003"/>
  <testcase name="defaultValues_areNull()" classname="com.gastropolis.plazoleta.application.dto.request.OrderDishRequestDtoTest" time="0.004"/>
  <system-out><![CDATA[]]></system-out>
  <system-err><![CDATA[]]></system-err>
</testsuite>
