<?xml version="1.0" encoding="UTF-8"?>
<testsuite name="com.gastropolis.plazoleta.infrastructure.security.JwtAuthFilterTest" tests="5" skipped="0" failures="0" errors="0" timestamp="2026-03-23T23:19:52" hostname="DESKTOP-6U4UTQC" time="0.428">
  <properties/>
  <testcase name="doFilterInternal_whenAuthHeaderWithoutBearer_passesThrough()" classname="com.gastropolis.plazoleta.infrastructure.security.JwtAuthFilterTest" time="0.396"/>
  <testcase name="doFilterInternal_whenNoAuthorizationHeader_passesThrough()" classname="com.gastropolis.plazoleta.infrastructure.security.JwtAuthFilterTest" time="0.003"/>
  <testcase name="doFilterInternal_whenTokenIsInvalid_passesThrough()" classname="com.gastropolis.plazoleta.infrastructure.security.JwtAuthFilterTest" time="0.004"/>
  <testcase name="doFilterInternal_whenValidTokenButAuthAlreadySet_doesNotOverrideAuth()" classname="com.gastropolis.plazoleta.infrastructure.security.JwtAuthFilterTest" time="0.013"/>
  <testcase name="doFilterInternal_whenValidToken_setsAuthenticationInContext()" classname="com.gastropolis.plazoleta.infrastructure.security.JwtAuthFilterTest" time="0.007"/>
  <system-out><![CDATA[]]></system-out>
  <system-err><![CDATA[]]></system-err>
</testsuite>
