<?xml version="1.0" encoding="UTF-8"?>
<testsuite name="com.gastropolis.plazoleta.infrastructure.out.jpa.adapter.RestaurantJpaAdapterTest" tests="6" skipped="0" failures="0" errors="0" timestamp="2026-03-23T23:19:51" hostname="DESKTOP-6U4UTQC" time="0.029">
  <properties/>
  <testcase name="findById_whenExists_returnsModel()" classname="com.gastropolis.plazoleta.infrastructure.out.jpa.adapter.RestaurantJpaAdapterTest" time="0.005"/>
  <testcase name="findByOwnerId_whenExists_returnsModel()" classname="com.gastropolis.plazoleta.infrastructure.out.jpa.adapter.RestaurantJpaAdapterTest" time="0.005"/>
  <testcase name="findByOwnerId_whenNotExists_returnsNull()" classname="com.gastropolis.plazoleta.infrastructure.out.jpa.adapter.RestaurantJpaAdapterTest" time="0.003"/>
  <testcase name="saveRestaurant_mapsToEntitySavesAndReturnsModel()" classname="com.gastropolis.plazoleta.infrastructure.out.jpa.adapter.RestaurantJpaAdapterTest" time="0.003"/>
  <testcase name="findById_whenNotExists_returnsNull()" classname="com.gastropolis.plazoleta.infrastructure.out.jpa.adapter.RestaurantJpaAdapterTest" time="0.004"/>
  <testcase name="findAllRestaurantsSortedByName_returnsPageOfModels()" classname="com.gastropolis.plazoleta.infrastructure.out.jpa.adapter.RestaurantJpaAdapterTest" time="0.005"/>
  <system-out><![CDATA[]]></system-out>
  <system-err><![CDATA[]]></system-err>
</testsuite>
