<?xml version="1.0" encoding="UTF-8"?>
<testsuite name="com.gastropolis.plazoleta.infrastructure.out.jpa.mapper.RestaurantEntityMapperTest" tests="6" skipped="0" failures="0" errors="0" timestamp="2026-03-23T23:19:52" hostname="DESKTOP-6U4UTQC" time="0.032">
  <properties/>
  <testcase name="toModel_withNullEntity_returnsNull()" classname="com.gastropolis.plazoleta.infrastructure.out.jpa.mapper.RestaurantEntityMapperTest" time="0.003"/>
  <testcase name="toModelList_withNullList_returnsNull()" classname="com.gastropolis.plazoleta.infrastructure.out.jpa.mapper.RestaurantEntityMapperTest" time="0.003"/>
  <testcase name="toModelList_mapsListOfEntities()" classname="com.gastropolis.plazoleta.infrastructure.out.jpa.mapper.RestaurantEntityMapperTest" time="0.004"/>
  <testcase name="toEntity_withNullModel_returnsNull()" classname="com.gastropolis.plazoleta.infrastructure.out.jpa.mapper.RestaurantEntityMapperTest" time="0.002"/>
  <testcase name="toModel_mapsAllFieldsFromEntity()" classname="com.gastropolis.plazoleta.infrastructure.out.jpa.mapper.RestaurantEntityMapperTest" time="0.003"/>
  <testcase name="toEntity_mapsAllFieldsFromModel()" classname="com.gastropolis.plazoleta.infrastructure.out.jpa.mapper.RestaurantEntityMapperTest" time="0.003"/>
  <system-out><![CDATA[]]></system-out>
  <system-err><![CDATA[]]></system-err>
</testsuite>
