<?xml version="1.0" encoding="UTF-8"?>
<testsuite name="com.gastropolis.plazoleta.application.handler.impl.DishHandlerTest" tests="6" skipped="0" failures="0" errors="0" timestamp="2026-03-23T23:19:39" hostname="DESKTOP-6U4UTQC" time="3.509">
  <properties/>
  <testcase name="updateDish_withNullPriceAndDescription_delegatesNullValues()" classname="com.gastropolis.plazoleta.application.handler.impl.DishHandlerTest" time="3.385"/>
  <testcase name="listDishesByRestaurant_withCategoryId_delegatesAndMapPage()" classname="com.gastropolis.plazoleta.application.handler.impl.DishHandlerTest" time="0.039"/>
  <testcase name="toggleDishActive_delegatesAndReturnsResponseDto()" classname="com.gastropolis.plazoleta.application.handler.impl.DishHandlerTest" time="0.016"/>
  <testcase name="listDishesByRestaurant_withNullCategoryId_delegatesNullAndMapPage()" classname="com.gastropolis.plazoleta.application.handler.impl.DishHandlerTest" time="0.011"/>
  <testcase name="updateDish_delegatesWithPriceAndDescriptionAndReturnsResponseDto()" classname="com.gastropolis.plazoleta.application.handler.impl.DishHandlerTest" time="0.014"/>
  <testcase name="createDish_mapsRequestAndDelegatesAndReturnsResponseDto()" classname="com.gastropolis.plazoleta.application.handler.impl.DishHandlerTest" time="0.01"/>
  <system-out><![CDATA[]]></system-out>
  <system-err><![CDATA[WARNING: A Java agent has been loaded dynamically (C:\Users\Linares\.gradle\caches\modules-2\files-2.1\net.bytebuddy\byte-buddy-agent\1.14.19\154da3a65b4f4a909d3e5bdec55d1b2b4cbb6ce1\byte-buddy-agent-1.14.19.jar)
WARNING: If a serviceability tool is in use, please run with -XX:+EnableDynamicAgentLoading to hide this warning
WARNING: If a serviceability tool is not in use, please run with -Djdk.instrument.traceUsage for more information
WARNING: Dynamic loading of agents will be disallowed by default in a future release
]]></system-err>
</testsuite>
