<?xml version="1.0" encoding="UTF-8"?>
<testsuite name="com.gastropolis.plazoleta.domain.usecase.DishUseCaseTest" tests="19" skipped="0" failures="0" errors="0" timestamp="2026-03-23T23:19:46" hostname="DESKTOP-6U4UTQC" time="0.349">
  <properties/>
  <testcase name="updateDish_withNullPrice_doesNotChangePrice()" classname="com.gastropolis.plazoleta.domain.usecase.DishUseCaseTest" time="0.197"/>
  <testcase name="toggleDishActive_whenRestaurantNotFound_throwsRestaurantNotFoundException()" classname="com.gastropolis.plazoleta.domain.usecase.DishUseCaseTest" time="0.008"/>
  <testcase name="getDishById_whenNotFound_throwsDishNotFoundException()" classname="com.gastropolis.plazoleta.domain.usecase.DishUseCaseTest" time="0.005"/>
  <testcase name="toggleDishActive_whenDishNotFound_throwsDishNotFoundException()" classname="com.gastropolis.plazoleta.domain.usecase.DishUseCaseTest" time="0.008"/>
  <testcase name="updateDish_withBothNull_doesNotChangeAnything()" classname="com.gastropolis.plazoleta.domain.usecase.DishUseCaseTest" time="0.013"/>
  <testcase name="listDishesByRestaurant_withNullCategoryId_callsFindByRestaurantId()" classname="com.gastropolis.plazoleta.domain.usecase.DishUseCaseTest" time="0.009"/>
  <testcase name="createDish_whenNotOwner_throwsNotRestaurantOwnerException()" classname="com.gastropolis.plazoleta.domain.usecase.DishUseCaseTest" time="0.007"/>
  <testcase name="toggleDishActive_whenActiveFalse_setsToTrueAndSaves()" classname="com.gastropolis.plazoleta.domain.usecase.DishUseCaseTest" time="0.006"/>
  <testcase name="createDish_whenRestaurantNotFound_throwsRestaurantNotFoundException()" classname="com.gastropolis.plazoleta.domain.usecase.DishUseCaseTest" time="0.006"/>
  <testcase name="updateDish_withPriceAndDescription_updatesAndSaves()" classname="com.gastropolis.plazoleta.domain.usecase.DishUseCaseTest" time="0.004"/>
  <testcase name="updateDish_withNullDescription_doesNotChangeDescription()" classname="com.gastropolis.plazoleta.domain.usecase.DishUseCaseTest" time="0.004"/>
  <testcase name="toggleDishActive_whenActiveTrue_setsToFalseAndSaves()" classname="com.gastropolis.plazoleta.domain.usecase.DishUseCaseTest" time="0.01"/>
  <testcase name="listDishesByRestaurant_withCategoryId_callsFindByRestaurantIdAndCategoryId()" classname="com.gastropolis.plazoleta.domain.usecase.DishUseCaseTest" time="0.007"/>
  <testcase name="updateDish_whenDishNotFound_throwsDishNotFoundException()" classname="com.gastropolis.plazoleta.domain.usecase.DishUseCaseTest" time="0.005"/>
  <testcase name="updateDish_whenRestaurantNotFound_throwsRestaurantNotFoundException()" classname="com.gastropolis.plazoleta.domain.usecase.DishUseCaseTest" time="0.007"/>
  <testcase name="createDish_happyPath_setsActiveAndSaves()" classname="com.gastropolis.plazoleta.domain.usecase.DishUseCaseTest" time="0.004"/>
  <testcase name="updateDish_whenNotOwner_throwsNotRestaurantOwnerException()" classname="com.gastropolis.plazoleta.domain.usecase.DishUseCaseTest" time="0.006"/>
  <testcase name="getDishById_whenFound_returnsDish()" classname="com.gastropolis.plazoleta.domain.usecase.DishUseCaseTest" time="0.003"/>
  <testcase name="toggleDishActive_whenNotOwner_throwsNotRestaurantOwnerException()" classname="com.gastropolis.plazoleta.domain.usecase.DishUseCaseTest" time="0.006"/>
  <system-out><![CDATA[]]></system-out>
  <system-err><![CDATA[]]></system-err>
</testsuite>
