<?xml version="1.0" encoding="UTF-8"?>
<testsuite name="com.gastropolis.plazoleta.infrastructure.out.feign.adapter.TraceabilityFeignAdapterTest" tests="2" skipped="0" failures="0" errors="0" timestamp="2026-03-23T23:19:51" hostname="DESKTOP-6U4UTQC" time="0.008">
  <properties/>
  <testcase name="registerLog_withNullEmployeeId_passesNullCorrectly()" classname="com.gastropolis.plazoleta.infrastructure.out.feign.adapter.TraceabilityFeignAdapterTest" time="0.004"/>
  <testcase name="registerLog_buildsDtoAndCallsFeignClient()" classname="com.gastropolis.plazoleta.infrastructure.out.feign.adapter.TraceabilityFeignAdapterTest" time="0.003"/>
  <system-out><![CDATA[]]></system-out>
  <system-err><![CDATA[]]></system-err>
</testsuite>
