<?xml version="1.0" encoding="UTF-8"?>
<testsuite name="com.gastropolis.plazoleta.infrastructure.input.rest.RestaurantRestControllerTest" tests="4" skipped="0" failures="0" errors="0" timestamp="2026-03-23T23:19:51" hostname="DESKTOP-6U4UTQC" time="0.093">
  <properties/>
  <testcase name="createRestaurant_delegatesToHandlerAndReturnsCreated()" classname="com.gastropolis.plazoleta.infrastructure.input.rest.RestaurantRestControllerTest" time="0.077"/>
  <testcase name="createEmployee_delegatesToHandlerAndReturnsCreated()" classname="com.gastropolis.plazoleta.infrastructure.input.rest.RestaurantRestControllerTest" time="0.006"/>
  <testcase name="listRestaurants_delegatesToHandlerAndReturnsOk()" classname="com.gastropolis.plazoleta.infrastructure.input.rest.RestaurantRestControllerTest" time="0.003"/>
  <testcase name="listRestaurants_withCustomPageAndSize_delegatesCorrectly()" classname="com.gastropolis.plazoleta.infrastructure.input.rest.RestaurantRestControllerTest" time="0.004"/>
  <system-out><![CDATA[]]></system-out>
  <system-err><![CDATA[]]></system-err>
</testsuite>
