<?xml version="1.0" encoding="UTF-8"?>
<testsuite name="com.gastropolis.plazoleta.application.mapper.OrderMapperTest" tests="10" skipped="0" failures="0" errors="0" timestamp="2026-03-23T23:19:45" hostname="DESKTOP-6U4UTQC" time="0.086">
  <properties/>
  <testcase name="toOrderResponseDto_withNullModel_returnsNull()" classname="com.gastropolis.plazoleta.application.mapper.OrderMapperTest" time="0.013"/>
  <testcase name="toOrderResponseDtoList_mapsList()" classname="com.gastropolis.plazoleta.application.mapper.OrderMapperTest" time="0.006"/>
  <testcase name="toOrderResponseDto_mapsAllFields()" classname="com.gastropolis.plazoleta.application.mapper.OrderMapperTest" time="0.004"/>
  <testcase name="toOrderDishModel_mapsDishIdAndQuantity_orderIdIsNull()" classname="com.gastropolis.plazoleta.application.mapper.OrderMapperTest" time="0.006"/>
  <testcase name="toOrderDishResponseDto_mapsDishIdAndQuantity()" classname="com.gastropolis.plazoleta.application.mapper.OrderMapperTest" time="0.004"/>
  <testcase name="toOrderDishModel_withNullDto_returnsNull()" classname="com.gastropolis.plazoleta.application.mapper.OrderMapperTest" time="0.004"/>
  <testcase name="toOrderModel_mapsRestaurantIdAndDishes()" classname="com.gastropolis.plazoleta.application.mapper.OrderMapperTest" time="0.005"/>
  <testcase name="toOrderResponseDtoList_withNullList_returnsNull()" classname="com.gastropolis.plazoleta.application.mapper.OrderMapperTest" time="0.005"/>
  <testcase name="toOrderDishResponseDto_withNullModel_returnsNull()" classname="com.gastropolis.plazoleta.application.mapper.OrderMapperTest" time="0.005"/>
  <testcase name="toOrderModel_withNullDto_returnsNull()" classname="com.gastropolis.plazoleta.application.mapper.OrderMapperTest" time="0.004"/>
  <system-out><![CDATA[]]></system-out>
  <system-err><![CDATA[]]></system-err>
</testsuite>
