<?xml version="1.0" encoding="UTF-8"?>
<testsuite name="com.gastropolis.plazoleta.infrastructure.input.rest.OrderRestControllerTest" tests="7" skipped="0" failures="0" errors="0" timestamp="2026-03-23T23:19:51" hostname="DESKTOP-6U4UTQC" time="0.122">
  <properties/>
  <testcase name="assignOrder_delegatesToHandlerWithEmployeeIdAndToken_andReturnsOk()" classname="com.gastropolis.plazoleta.infrastructure.input.rest.OrderRestControllerTest" time="0.086"/>
  <testcase name="listOrders_withStatus_delegatesToHandlerWithEmployeeIdAndToken_andReturnsOk()" classname="com.gastropolis.plazoleta.infrastructure.input.rest.OrderRestControllerTest" time="0.005"/>
  <testcase name="deliverOrder_delegatesToHandlerWithEmployeeIdPinAndToken_andReturnsOk()" classname="com.gastropolis.plazoleta.infrastructure.input.rest.OrderRestControllerTest" time="0.005"/>
  <testcase name="cancelOrder_delegatesToHandlerWithClientIdAndToken_andReturnsOk()" classname="com.gastropolis.plazoleta.infrastructure.input.rest.OrderRestControllerTest" time="0.004"/>
  <testcase name="createOrder_delegatesToHandlerWithClientIdAndToken_andReturnsCreated()" classname="com.gastropolis.plazoleta.infrastructure.input.rest.OrderRestControllerTest" time="0.004"/>
  <testcase name="listOrders_withNullStatus_delegatesNullStatus()" classname="com.gastropolis.plazoleta.infrastructure.input.rest.OrderRestControllerTest" time="0.006"/>
  <testcase name="markOrderReady_delegatesToHandlerWithEmployeeIdAndToken_andReturnsOk()" classname="com.gastropolis.plazoleta.infrastructure.input.rest.OrderRestControllerTest" time="0.004"/>
  <system-out><![CDATA[]]></system-out>
  <system-err><![CDATA[]]></system-err>
</testsuite>
